Copyright 1986-2017 Xilinx, Inc. All Rights Reserved.
------------------------------------------------------------------------------------
| Tool Version : Vivado v.2017.4 (win64) Build 2086221 Fri Dec 15 20:55:39 MST 2017
| Date         : Tue Jun 29 19:20:42 2021
| Host         : DESKTOP-RE08DTS running 64-bit major release  (build 9200)
| Command      : upgrade_ip
| Device       : xc7z020clg484-1
------------------------------------------------------------------------------------

Upgrade Log for IP 'system_SketchIP_1080p_0_0'

1. Summary
----------

SUCCESS in the upgrade of system_SketchIP_1080p_0_0 from xilinx.com:user:SketchIP_1080p:1.0 (Rev. 3) to xilinx.com:user:SketchIP_1080p:1.1 (Rev. 4)






Copyright 1986-2017 Xilinx, Inc. All Rights Reserved.
------------------------------------------------------------------------------------
| Tool Version : Vivado v.2017.4 (win64) Build 2086221 Fri Dec 15 20:55:39 MST 2017
| Date         : Thu Jun 24 20:03:47 2021
| Host         : DESKTOP-RE08DTS running 64-bit major release  (build 9200)
| Command      : upgrade_ip
| Device       : xc7z020clg484-1
------------------------------------------------------------------------------------

Upgrade Log for IP 'system_SketchIP_1080p_0_0'

1. Summary
----------

SUCCESS in the conversion of system_SketchIP_1080p_0_0 (xilinx.com:user:SketchIP_1080p:1.0 (Rev. 3)) to Vivado generation flows.

