#-----------------------------------------------------------
# Vivado v2017.4 (64-bit)
# SW Build 2086221 on Fri Dec 15 20:55:39 MST 2017
# IP Build 2085800 on Fri Dec 15 22:25:07 MST 2017
# Start of session at: Wed Jun 23 19:25:42 2021
# Process ID: 11488
# Current directory: D:/GitCode/SketchSystem_1080p
# Command line: vivado.exe -gui_launcher_event rodinguilauncherevent6620 D:\GitCode\SketchSystem_1080p\sketchSystem1080.xpr
# Log file: D:/GitCode/SketchSystem_1080p/vivado.log
# Journal file: D:/GitCode/SketchSystem_1080p\vivado.jou
#-----------------------------------------------------------
start_gui
open_project D:/GitCode/SketchSystem_1080p/sketchSystem1080.xpr
Scanning sources...
Finished scanning sources
INFO: [IP_Flow 19-234] Refreshing IP repositories
INFO: [IP_Flow 19-1700] Loaded user IP repository 'd:/GitCode/Sketch_IP_1080p'.
INFO: [IP_Flow 19-2313] Loaded Vivado IP repository 'C:/Xilinx/Vivado/2017.4/data/ip'.
open_project: Time (s): cpu = 00:00:40 ; elapsed = 00:00:47 . Memory (MB): peak = 884.859 ; gain = 217.172
update_compile_order -fileset sources_1
launch_sdk -workspace D:/GitCode/SketchSystem_1080p/sketchSystem1080.sdk -hwspec D:/GitCode/SketchSystem_1080p/sketchSystem1080.sdk/system_wrapper.hdf
INFO: [Vivado 12-393] Launching SDK...
INFO: [Vivado 12-417] Running xsdk -workspace D:/GitCode/SketchSystem_1080p/sketchSystem1080.sdk -hwspec D:/GitCode/SketchSystem_1080p/sketchSystem1080.sdk/system_wrapper.hdf
INFO: [Vivado 12-3157] SDK launch initiated. Please check console for any further messages.
exit
INFO: [Common 17-206] Exiting Vivado at Wed Jun 23 21:30:19 2021...
